2021-03-11T13:00:06,059 [ERROR] (Daemon socket IO workers-3-2) ([GLOBAL_CACHE, seq:1615420865322]) com.amazon.brazil.pkgcacher.rpc.CacheMethodHandler: Exception in caching RHEL5_64-NodeJS-12.x.42217.0-Catalog
com.amazon.devtools.bmds.generated.ObjectDoesNotExistException: The package version 'NodeJS-12.x.42217.0' was not built for the platform 'RHEL5_64'
	at sun.reflect.NativeConstructorAccessorImpl.newInstance0(Native Method) ~[?:1.8.0_282]
	at sun.reflect.NativeConstructorAccessorImpl.newInstance(NativeConstructorAccessorImpl.java:62) ~[?:1.8.0_282]
	at sun.reflect.DelegatingConstructorAccessorImpl.newInstance(DelegatingConstructorAccessorImpl.java:45) ~[?:1.8.0_282]
	at java.lang.reflect.Constructor.newInstance(Constructor.java:423) ~[?:1.8.0_282]
	at com.amazon.coral.reflect.instantiate.ReflectiveInstantiatorFactory$1.newInstance(ReflectiveInstantiatorFactory.java:56) ~[CoralReflect-1.1.jar:?]
	at com.amazon.coral.reflect.ObjectBuilder.newObject(ObjectBuilder.java:51) ~[CoralBeanValue-1.1.jar:?]
	at com.amazon.coral.value.bean.BeanValueAdapter.completeFrame(BeanValueAdapter.java:238) ~[CoralBeanValue-1.1.jar:?]
	at com.amazon.coral.value.bean.BeanValueAdapter.access$500(BeanValueAdapter.java:18) ~[CoralBeanValue-1.1.jar:?]
	at com.amazon.coral.value.bean.BeanValueAdapter$5.onListEnd(BeanValueAdapter.java:145) ~[CoralBeanValue-1.1.jar:?]
	at com.amazon.coral.value.bean.BeanValueAdapter.onListEnd(BeanValueAdapter.java:72) ~[CoralBeanValue-1.1.jar:?]
	at com.amazon.coral.transmute.json.JsonStructureToObject.emitClassFooter(JsonStructureToObject.java:80) ~[CoralTransmute-1.1.jar:?]
	at com.amazon.coral.transmute.json.JsonStructureToObject.access$900(JsonStructureToObject.java:23) ~[CoralTransmute-1.1.jar:?]
	at com.amazon.coral.transmute.json.JsonStructureToObject$Serializer2.onComplexEnd(JsonStructureToObject.java:320) ~[CoralTransmute-1.1.jar:?]
	at com.amazon.coral.transmute.AbstractTransmuter$TransmutationValueVisitor.onComplexEnd(AbstractTransmuter.java:288) ~[CoralTransmute-1.1.jar:?]
	at com.amazon.coral.json.value.AssemblyQualifiedValue$QualifyingVisitor.onComplexEnd(AssemblyQualifiedValue.java:137) ~[CoralTransmutingProxySupport-1.1.jar:?]
	at com.amazon.coral.client.RpcReplyUnwrapper$ReplyFilter.onComplexEnd(RpcReplyUnwrapper.java:80) ~[CoralTransmutingProxySupport-1.1.jar:?]
	at com.amazon.coral.value.basic.ComplexValue.accept(ComplexValue.java:75) ~[CoralValue-1.1.jar:?]
	at com.amazon.coral.value.basic.ComplexValue.accept(ComplexValue.java:62) ~[CoralValue-1.1.jar:?]
	at com.amazon.coral.value.basic.ElementValue.accept(ElementValue.java:63) ~[CoralValue-1.1.jar:?]
	at com.amazon.coral.value.json.JsonValue.accept(JsonValue.java:50) ~[CoralJsonValue-1.1.jar:?]
	at com.amazon.coral.client.RpcReplyUnwrapper.accept(RpcReplyUnwrapper.java:29) ~[CoralTransmutingProxySupport-1.1.jar:?]
	at com.amazon.coral.json.value.AssemblyQualifiedValue.accept(AssemblyQualifiedValue.java:62) ~[CoralTransmutingProxySupport-1.1.jar:?]
	at com.amazon.coral.transmute.AbstractTransmuter.transmute(AbstractTransmuter.java:71) ~[CoralTransmute-1.1.jar:?]
	at com.amazon.coral.service.RpcBeanTransmutingProxy.doTransmute(RpcBeanTransmutingProxy.java:36) ~[CoralTransmutingProxySupport-1.1.jar:?]
	at com.amazon.coral.service.AbstractTransmutingProxy.transmute(AbstractTransmutingProxy.java:28) ~[CoralTransmutingProxy-1.1.jar:?]
	at com.amazon.coral.client.RpcReplyUnwrappingProxy.transmute(RpcReplyUnwrappingProxy.java:39) ~[CoralTransmutingProxySupport-1.1.jar:?]
	at com.amazon.coral.service.ByteJsonTransmutingProxy.transmute(ByteJsonTransmutingProxy.java:41) ~[CoralTransmutingProxySupport-1.1.jar:?]
	at com.amazon.coral.client.BeanPassthroughProxy.transmute(BeanPassthroughProxy.java:31) ~[CoralClient-1.1.jar:?]
	at com.amazon.coral.client.JobValueExtractor.getRegularOperationModelOutput(JobValueExtractor.java:150) ~[CoralClientOrchestration-1.1.jar:?]
	at com.amazon.coral.client.JobValueExtractor.getOperationModelOutput(JobValueExtractor.java:109) ~[CoralClientOrchestration-1.1.jar:?]
	at com.amazon.coral.client.ClientProtocolHandler.getOutput(ClientProtocolHandler.java:69) ~[CoralClientOrchestration-1.1.jar:?]
	at com.amazon.coral.client.CoralRpcClientHandler.after(CoralRpcClientHandler.java:142) ~[CoralRpcSupport-1.1.jar:?]
	at com.amazon.coral.client.HttpRpcClientHandler.after(HttpRpcClientHandler.java:78) ~[CoralRpcSupport-1.1.jar:?]
	at com.amazon.coral.service.HandlerAdapter.after(HandlerAdapter.java:26) ~[CoralOrchestrator-1.1.jar:?]
	at com.amazon.coral.service.TransmutingContinuationHandler.after(TransmutingContinuationHandler.java:60) ~[CoralOrchestrator-1.1.jar:?]
	at com.amazon.coral.service.ChainJobWorkflow.lambda$newAfterWork$1(ChainJobWorkflow.java:96) ~[CoralContinuationOrchestrator-1.1.jar:?]
	at com.amazon.coral.service.ExecutorServiceContinuationOrchestrator$JobExecution.run(ExecutorServiceContinuationOrchestrator.java:324) ~[CoralContinuationOrchestrator-1.1.jar:?]
	at java.util.concurrent.Executors$RunnableAdapter.call(Executors.java:511) ~[?:1.8.0_282]
	at java.util.concurrent.FutureTask.run(FutureTask.java:266) ~[?:1.8.0_282]
	at java.util.concurrent.ThreadPoolExecutor.runWorker(ThreadPoolExecutor.java:1149) ~[?:1.8.0_282]
	at java.util.concurrent.ThreadPoolExecutor$Worker.run(ThreadPoolExecutor.java:624) ~[?:1.8.0_282]
	at java.lang.Thread.run(Thread.java:748) [?:1.8.0_282]
	Suppressed: java.lang.RuntimeException: Exception was caught here:
		at com.amazon.coral.client.Dispatcher.withCurrentContext(Dispatcher.java:341) ~[CoralClient-1.1.jar:?]
		at com.amazon.coral.client.Dispatcher.getRequestResponse(Dispatcher.java:328) ~[CoralClient-1.1.jar:?]
		at com.amazon.coral.client.Dispatcher.access$100(Dispatcher.java:81) ~[CoralClient-1.1.jar:?]
		at com.amazon.coral.client.Dispatcher$1.call(Dispatcher.java:266) ~[CoralClient-1.1.jar:?]
		at com.amazon.coral.retry.RetryingCallable.call(RetryingCallable.java:112) ~[CoralRetry-2.0.jar:?]
		at com.amazon.coral.client.Dispatcher.dispatchRequest(Dispatcher.java:286) ~[CoralClient-1.1.jar:?]
		at com.amazon.coral.client.Dispatcher.doDispatch(Dispatcher.java:192) ~[CoralClient-1.1.jar:?]
		at sun.reflect.NativeMethodAccessorImpl.invoke0(Native Method) ~[?:1.8.0_282]
		at sun.reflect.NativeMethodAccessorImpl.invoke(NativeMethodAccessorImpl.java:62) ~[?:1.8.0_282]
		at sun.reflect.DelegatingMethodAccessorImpl.invoke(DelegatingMethodAccessorImpl.java:43) ~[?:1.8.0_282]
		at java.lang.reflect.Method.invoke(Method.java:498) ~[?:1.8.0_282]
		at com.amazon.coral.reflect.invoke.ReflectiveInvokerFactory$1.invoke(ReflectiveInvokerFactory.java:77) ~[CoralReflect-1.1.jar:?]
		at com.amazon.coral.client.Dispatcher$2.invoke(Dispatcher.java:659) ~[CoralClient-1.1.jar:?]
		at com.amazon.coral.client.Dispatcher.dispatch(Dispatcher.java:185) ~[CoralClient-1.1.jar:?]
		at com.amazon.devtools.bmds.generated.impl.GetSignatureDataForPackageVersionPlatformCall.call(GetSignatureDataForPackageVersionPlatformCall.java:80) ~[BMDSCoralJavaClient-1.1.jar:?]
		at com.amazon.brazil.pkgcacher.signing.BmdsCatalogVerifierProvider.getSignatureData(BmdsCatalogVerifierProvider.java:84) ~[BrazilPackageCacheLib-2.0.jar:?]
		at com.amazon.brazil.pkgcacher.signing.BmdsCatalogVerifierProvider$1.decorate(BmdsCatalogVerifierProvider.java:110) ~[BrazilPackageCacheLib-2.0.jar:?]
		at com.amazon.brazil.pkgcacher.impl.PackageVersionEntry.locateArtifactToDownload(PackageVersionEntry.java:52) ~[BrazilPackageCacheLib-2.0.jar:?]
		at com.amazon.brazil.pkgcacher.impl.DownloadTask.download(DownloadTask.java:91) ~[BrazilPackageCacheLib-2.0.jar:?]
		at com.amazon.brazil.pkgcacher.impl.CacheTask.runImpl(CacheTask.java:55) ~[BrazilPackageCacheLib-2.0.jar:?]
		at com.amazon.brazil.pkgcacher.impl.CacheTask.runImpl(CacheTask.java:21) ~[BrazilPackageCacheLib-2.0.jar:?]
		at com.amazon.brazil.pkgcacher.task.Task.run(Task.java:48) ~[BrazilPackageCacheLib-2.0.jar:?]
		at com.amazon.brazil.pkgcacher.impl.CacheExecutorService$TaskCallable.call(CacheExecutorService.java:308) ~[BrazilPackageCacheLib-2.0.jar:?]
		at com.amazon.brazil.pkgcacher.impl.CacheExecutorService$TaskCallable.call(CacheExecutorService.java:294) ~[BrazilPackageCacheLib-2.0.jar:?]
		at java.util.concurrent.FutureTask.run(FutureTask.java:266) ~[?:1.8.0_282]
		at java.util.concurrent.ThreadPoolExecutor.runWorker(ThreadPoolExecutor.java:1149) ~[?:1.8.0_282]
		at java.util.concurrent.ThreadPoolExecutor$Worker.run(ThreadPoolExecutor.java:624) ~[?:1.8.0_282]
		at java.lang.Thread.run(Thread.java:748) [?:1.8.0_282]
	Suppressed: java.lang.RuntimeException: Exception was caught here:
		at com.amazon.coral.client.Dispatcher.withCurrentContext(Dispatcher.java:341) ~[CoralClient-1.1.jar:?]
		at com.amazon.coral.client.Dispatcher.dispatch(Dispatcher.java:187) ~[CoralClient-1.1.jar:?]
		at com.amazon.devtools.bmds.generated.impl.GetSignatureDataForPackageVersionPlatformCall.call(GetSignatureDataForPackageVersionPlatformCall.java:80) ~[BMDSCoralJavaClient-1.1.jar:?]
		at com.amazon.brazil.pkgcacher.signing.BmdsCatalogVerifierProvider.getSignatureData(BmdsCatalogVerifierProvider.java:84) ~[BrazilPackageCacheLib-2.0.jar:?]
		at com.amazon.brazil.pkgcacher.signing.BmdsCatalogVerifierProvider$1.decorate(BmdsCatalogVerifierProvider.java:110) ~[BrazilPackageCacheLib-2.0.jar:?]
		at com.amazon.brazil.pkgcacher.impl.PackageVersionEntry.locateArtifactToDownload(PackageVersionEntry.java:52) ~[BrazilPackageCacheLib-2.0.jar:?]
		at com.amazon.brazil.pkgcacher.impl.DownloadTask.download(DownloadTask.java:91) ~[BrazilPackageCacheLib-2.0.jar:?]
		at com.amazon.brazil.pkgcacher.impl.CacheTask.runImpl(CacheTask.java:55) ~[BrazilPackageCacheLib-2.0.jar:?]
		at com.amazon.brazil.pkgcacher.impl.CacheTask.runImpl(CacheTask.java:21) ~[BrazilPackageCacheLib-2.0.jar:?]
		at com.amazon.brazil.pkgcacher.task.Task.run(Task.java:48) ~[BrazilPackageCacheLib-2.0.jar:?]
		at com.amazon.brazil.pkgcacher.impl.CacheExecutorService$TaskCallable.call(CacheExecutorService.java:308) ~[BrazilPackageCacheLib-2.0.jar:?]
		at com.amazon.brazil.pkgcacher.impl.CacheExecutorService$TaskCallable.call(CacheExecutorService.java:294) ~[BrazilPackageCacheLib-2.0.jar:?]
		at java.util.concurrent.FutureTask.run(FutureTask.java:266) ~[?:1.8.0_282]
		at java.util.concurrent.ThreadPoolExecutor.runWorker(ThreadPoolExecutor.java:1149) ~[?:1.8.0_282]
		at java.util.concurrent.ThreadPoolExecutor$Worker.run(ThreadPoolExecutor.java:624) ~[?:1.8.0_282]
		at java.lang.Thread.run(Thread.java:748) [?:1.8.0_282]
2021-03-11T13:00:06,200 [FATAL] (Daemon socket IO workers-3-2) ([GLOBAL_CACHE, seq:1615420865322]) bpc.error: Failed request because of unknown error
com.amazon.brazil.pkgcacher.rpc.CacheOperationException: Error occurred while caching RHEL5_64-NodeJS-12.x.42217.0-Catalog. ObjectDoesNotExistException: The package version 'NodeJS-12.x.42217.0' was not built for the platform 'RHEL5_64'
	at com.amazon.brazil.pkgcacher.rpc.CacheMethodHandler.createCacheOperationException(CacheMethodHandler.java:454) ~[BrazilPackageCacheDaemon-1.0.jar:?]
	at com.amazon.brazil.pkgcacher.rpc.CacheMethodHandler.futureResult(CacheMethodHandler.java:362) ~[BrazilPackageCacheDaemon-1.0.jar:?]
	at com.amazon.brazil.pkgcacher.rpc.CacheMethodHandler.executeSingleCacheJob(CacheMethodHandler.java:302) ~[BrazilPackageCacheDaemon-1.0.jar:?]
	at com.amazon.brazil.pkgcacher.rpc.CacheMethodHandler.cacheCatalog(CacheMethodHandler.java:519) ~[BrazilPackageCacheDaemon-1.0.jar:?]
	at com.amazon.brazil.pkgcacher.rpc.CacheMethodHandler.newDownloadVerifier(CacheMethodHandler.java:537) ~[BrazilPackageCacheDaemon-1.0.jar:?]
	at com.amazon.brazil.pkgcacher.rpc.CacheMethodHandler.createContext(CacheMethodHandler.java:500) ~[BrazilPackageCacheDaemon-1.0.jar:?]
	at com.amazon.brazil.pkgcacher.rpc.CacheMethodHandler.handle(CacheMethodHandler.java:139) [BrazilPackageCacheDaemon-1.0.jar:?]
	at com.amazon.brazil.pkgcacher.rpc.CachingRequestHandler.channelRead(CachingRequestHandler.java:90) [BrazilPackageCacheDaemon-1.0.jar:?]
	at io.netty.channel.AbstractChannelHandlerContext.invokeChannelRead(AbstractChannelHandlerContext.java:342) [netty-transport-4.0.jar:4.0.37.Final]
	at io.netty.channel.AbstractChannelHandlerContext.invokeChannelRead(AbstractChannelHandlerContext.java:328) [netty-transport-4.0.jar:4.0.37.Final]
	at io.netty.channel.AbstractChannelHandlerContext.fireChannelRead(AbstractChannelHandlerContext.java:321) [netty-transport-4.0.jar:4.0.37.Final]
	at io.netty.handler.codec.MessageToMessageDecoder.channelRead(MessageToMessageDecoder.java:102) [netty-codec-4.0.jar:4.0.37.Final]
	at io.netty.channel.AbstractChannelHandlerContext.invokeChannelRead(AbstractChannelHandlerContext.java:342) [netty-transport-4.0.jar:4.0.37.Final]
	at io.netty.channel.AbstractChannelHandlerContext.invokeChannelRead(AbstractChannelHandlerContext.java:328) [netty-transport-4.0.jar:4.0.37.Final]
	at io.netty.channel.AbstractChannelHandlerContext.fireChannelRead(AbstractChannelHandlerContext.java:321) [netty-transport-4.0.jar:4.0.37.Final]
	at io.netty.handler.codec.MessageToMessageDecoder.channelRead(MessageToMessageDecoder.java:102) [netty-codec-4.0.jar:4.0.37.Final]
	at io.netty.channel.AbstractChannelHandlerContext.invokeChannelRead(AbstractChannelHandlerContext.java:342) [netty-transport-4.0.jar:4.0.37.Final]
	at io.netty.channel.AbstractChannelHandlerContext.invokeChannelRead(AbstractChannelHandlerContext.java:328) [netty-transport-4.0.jar:4.0.37.Final]
	at io.netty.channel.AbstractChannelHandlerContext.fireChannelRead(AbstractChannelHandlerContext.java:321) [netty-transport-4.0.jar:4.0.37.Final]
	at io.netty.handler.codec.ByteToMessageDecoder.fireChannelRead(ByteToMessageDecoder.java:293) [netty-codec-4.0.jar:4.0.37.Final]
	at io.netty.handler.codec.ByteToMessageDecoder.channelRead(ByteToMessageDecoder.java:267) [netty-codec-4.0.jar:4.0.37.Final]
	at io.netty.channel.AbstractChannelHandlerContext.invokeChannelRead(AbstractChannelHandlerContext.java:342) [netty-transport-4.0.jar:4.0.37.Final]
	at io.netty.channel.AbstractChannelHandlerContext.invokeChannelRead(AbstractChannelHandlerContext.java:328) [netty-transport-4.0.jar:4.0.37.Final]
	at io.netty.channel.AbstractChannelHandlerContext.fireChannelRead(AbstractChannelHandlerContext.java:321) [netty-transport-4.0.jar:4.0.37.Final]
	at io.netty.handler.logging.LoggingHandler.channelRead(LoggingHandler.java:240) [netty-handler-4.0.jar:4.0.37.Final]
	at io.netty.channel.AbstractChannelHandlerContext.invokeChannelRead(AbstractChannelHandlerContext.java:342) [netty-transport-4.0.jar:4.0.37.Final]
	at io.netty.channel.AbstractChannelHandlerContext.invokeChannelRead(AbstractChannelHandlerContext.java:328) [netty-transport-4.0.jar:4.0.37.Final]
	at io.netty.channel.AbstractChannelHandlerContext.fireChannelRead(AbstractChannelHandlerContext.java:321) [netty-transport-4.0.jar:4.0.37.Final]
	at io.netty.channel.DefaultChannelPipeline$HeadContext.channelRead(DefaultChannelPipeline.java:1280) [netty-transport-4.0.jar:4.0.37.Final]
	at io.netty.channel.AbstractChannelHandlerContext.invokeChannelRead(AbstractChannelHandlerContext.java:342) [netty-transport-4.0.jar:4.0.37.Final]
	at io.netty.channel.AbstractChannelHandlerContext.invokeChannelRead(AbstractChannelHandlerContext.java:328) [netty-transport-4.0.jar:4.0.37.Final]
	at io.netty.channel.DefaultChannelPipeline.fireChannelRead(DefaultChannelPipeline.java:890) [netty-transport-4.0.jar:4.0.37.Final]
	at io.netty.channel.nio.AbstractNioByteChannel$NioByteUnsafe.read(AbstractNioByteChannel.java:131) [netty-transport-4.0.jar:4.0.37.Final]
	at io.netty.channel.nio.NioEventLoop.processSelectedKey(NioEventLoop.java:564) [netty-transport-4.0.jar:4.0.37.Final]
	at io.netty.channel.nio.NioEventLoop.processSelectedKeysOptimized(NioEventLoop.java:505) [netty-transport-4.0.jar:4.0.37.Final]
	at io.netty.channel.nio.NioEventLoop.processSelectedKeys(NioEventLoop.java:419) [netty-transport-4.0.jar:4.0.37.Final]
	at io.netty.channel.nio.NioEventLoop.run(NioEventLoop.java:391) [netty-transport-4.0.jar:4.0.37.Final]
	at io.netty.util.concurrent.SingleThreadEventExecutor$2.run(SingleThreadEventExecutor.java:112) [netty-common-4.0.jar:4.0.37.Final]
	at io.netty.util.concurrent.DefaultThreadFactory$DefaultRunnableDecorator.run(DefaultThreadFactory.java:145) [netty-common-4.0.jar:4.0.37.Final]
	at java.lang.Thread.run(Thread.java:748) [?:1.8.0_282]
Caused by: com.amazon.devtools.bmds.generated.ObjectDoesNotExistException: The package version 'NodeJS-12.x.42217.0' was not built for the platform 'RHEL5_64'
	at sun.reflect.NativeConstructorAccessorImpl.newInstance0(Native Method) ~[?:1.8.0_282]
	at sun.reflect.NativeConstructorAccessorImpl.newInstance(NativeConstructorAccessorImpl.java:62) ~[?:1.8.0_282]
	at sun.reflect.DelegatingConstructorAccessorImpl.newInstance(DelegatingConstructorAccessorImpl.java:45) ~[?:1.8.0_282]
	at java.lang.reflect.Constructor.newInstance(Constructor.java:423) ~[?:1.8.0_282]
	at com.amazon.coral.reflect.instantiate.ReflectiveInstantiatorFactory$1.newInstance(ReflectiveInstantiatorFactory.java:56) ~[CoralReflect-1.1.jar:?]
	at com.amazon.coral.reflect.ObjectBuilder.newObject(ObjectBuilder.java:51) ~[CoralBeanValue-1.1.jar:?]
	at com.amazon.coral.value.bean.BeanValueAdapter.completeFrame(BeanValueAdapter.java:238) ~[CoralBeanValue-1.1.jar:?]
	at com.amazon.coral.value.bean.BeanValueAdapter.access$500(BeanValueAdapter.java:18) ~[CoralBeanValue-1.1.jar:?]
	at com.amazon.coral.value.bean.BeanValueAdapter$5.onListEnd(BeanValueAdapter.java:145) ~[CoralBeanValue-1.1.jar:?]
	at com.amazon.coral.value.bean.BeanValueAdapter.onListEnd(BeanValueAdapter.java:72) ~[CoralBeanValue-1.1.jar:?]
	at com.amazon.coral.transmute.json.JsonStructureToObject.emitClassFooter(JsonStructureToObject.java:80) ~[CoralTransmute-1.1.jar:?]
	at com.amazon.coral.transmute.json.JsonStructureToObject.access$900(JsonStructureToObject.java:23) ~[CoralTransmute-1.1.jar:?]
	at com.amazon.coral.transmute.json.JsonStructureToObject$Serializer2.onComplexEnd(JsonStructureToObject.java:320) ~[CoralTransmute-1.1.jar:?]
	at com.amazon.coral.transmute.AbstractTransmuter$TransmutationValueVisitor.onComplexEnd(AbstractTransmuter.java:288) ~[CoralTransmute-1.1.jar:?]
	at com.amazon.coral.json.value.AssemblyQualifiedValue$QualifyingVisitor.onComplexEnd(AssemblyQualifiedValue.java:137) ~[CoralTransmutingProxySupport-1.1.jar:?]
	at com.amazon.coral.client.RpcReplyUnwrapper$ReplyFilter.onComplexEnd(RpcReplyUnwrapper.java:80) ~[CoralTransmutingProxySupport-1.1.jar:?]
	at com.amazon.coral.value.basic.ComplexValue.accept(ComplexValue.java:75) ~[CoralValue-1.1.jar:?]
	at com.amazon.coral.value.basic.ComplexValue.accept(ComplexValue.java:62) ~[CoralValue-1.1.jar:?]
	at com.amazon.coral.value.basic.ElementValue.accept(ElementValue.java:63) ~[CoralValue-1.1.jar:?]
	at com.amazon.coral.value.json.JsonValue.accept(JsonValue.java:50) ~[CoralJsonValue-1.1.jar:?]
	at com.amazon.coral.client.RpcReplyUnwrapper.accept(RpcReplyUnwrapper.java:29) ~[CoralTransmutingProxySupport-1.1.jar:?]
	at com.amazon.coral.json.value.AssemblyQualifiedValue.accept(AssemblyQualifiedValue.java:62) ~[CoralTransmutingProxySupport-1.1.jar:?]
	at com.amazon.coral.transmute.AbstractTransmuter.transmute(AbstractTransmuter.java:71) ~[CoralTransmute-1.1.jar:?]
	at com.amazon.coral.service.RpcBeanTransmutingProxy.doTransmute(RpcBeanTransmutingProxy.java:36) ~[CoralTransmutingProxySupport-1.1.jar:?]
	at com.amazon.coral.service.AbstractTransmutingProxy.transmute(AbstractTransmutingProxy.java:28) ~[CoralTransmutingProxy-1.1.jar:?]
	at com.amazon.coral.client.RpcReplyUnwrappingProxy.transmute(RpcReplyUnwrappingProxy.java:39) ~[CoralTransmutingProxySupport-1.1.jar:?]
	at com.amazon.coral.service.ByteJsonTransmutingProxy.transmute(ByteJsonTransmutingProxy.java:41) ~[CoralTransmutingProxySupport-1.1.jar:?]
	at com.amazon.coral.client.BeanPassthroughProxy.transmute(BeanPassthroughProxy.java:31) ~[CoralClient-1.1.jar:?]
	at com.amazon.coral.client.JobValueExtractor.getRegularOperationModelOutput(JobValueExtractor.java:150) ~[CoralClientOrchestration-1.1.jar:?]
	at com.amazon.coral.client.JobValueExtractor.getOperationModelOutput(JobValueExtractor.java:109) ~[CoralClientOrchestration-1.1.jar:?]
	at com.amazon.coral.client.ClientProtocolHandler.getOutput(ClientProtocolHandler.java:69) ~[CoralClientOrchestration-1.1.jar:?]
	at com.amazon.coral.client.CoralRpcClientHandler.after(CoralRpcClientHandler.java:142) ~[CoralRpcSupport-1.1.jar:?]
	at com.amazon.coral.client.HttpRpcClientHandler.after(HttpRpcClientHandler.java:78) ~[CoralRpcSupport-1.1.jar:?]
	at com.amazon.coral.service.HandlerAdapter.after(HandlerAdapter.java:26) ~[CoralOrchestrator-1.1.jar:?]
	at com.amazon.coral.service.TransmutingContinuationHandler.after(TransmutingContinuationHandler.java:60) ~[CoralOrchestrator-1.1.jar:?]
	at com.amazon.coral.service.ChainJobWorkflow.lambda$newAfterWork$1(ChainJobWorkflow.java:96) ~[CoralContinuationOrchestrator-1.1.jar:?]
	at com.amazon.coral.service.ExecutorServiceContinuationOrchestrator$JobExecution.run(ExecutorServiceContinuationOrchestrator.java:324) ~[CoralContinuationOrchestrator-1.1.jar:?]
	at java.util.concurrent.Executors$RunnableAdapter.call(Executors.java:511) ~[?:1.8.0_282]
	at java.util.concurrent.FutureTask.run(FutureTask.java:266) ~[?:1.8.0_282]
	at java.util.concurrent.ThreadPoolExecutor.runWorker(ThreadPoolExecutor.java:1149) ~[?:1.8.0_282]
	at java.util.concurrent.ThreadPoolExecutor$Worker.run(ThreadPoolExecutor.java:624) ~[?:1.8.0_282]
	... 1 more
	Suppressed: java.lang.RuntimeException: Exception was caught here:
		at com.amazon.coral.client.Dispatcher.withCurrentContext(Dispatcher.java:341) ~[CoralClient-1.1.jar:?]
		at com.amazon.coral.client.Dispatcher.getRequestResponse(Dispatcher.java:328) ~[CoralClient-1.1.jar:?]
		at com.amazon.coral.client.Dispatcher.access$100(Dispatcher.java:81) ~[CoralClient-1.1.jar:?]
		at com.amazon.coral.client.Dispatcher$1.call(Dispatcher.java:266) ~[CoralClient-1.1.jar:?]
		at com.amazon.coral.retry.RetryingCallable.call(RetryingCallable.java:112) ~[CoralRetry-2.0.jar:?]
		at com.amazon.coral.client.Dispatcher.dispatchRequest(Dispatcher.java:286) ~[CoralClient-1.1.jar:?]
		at com.amazon.coral.client.Dispatcher.doDispatch(Dispatcher.java:192) ~[CoralClient-1.1.jar:?]
		at sun.reflect.NativeMethodAccessorImpl.invoke0(Native Method) ~[?:1.8.0_282]
		at sun.reflect.NativeMethodAccessorImpl.invoke(NativeMethodAccessorImpl.java:62) ~[?:1.8.0_282]
		at sun.reflect.DelegatingMethodAccessorImpl.invoke(DelegatingMethodAccessorImpl.java:43) ~[?:1.8.0_282]
		at java.lang.reflect.Method.invoke(Method.java:498) ~[?:1.8.0_282]
		at com.amazon.coral.reflect.invoke.ReflectiveInvokerFactory$1.invoke(ReflectiveInvokerFactory.java:77) ~[CoralReflect-1.1.jar:?]
		at com.amazon.coral.client.Dispatcher$2.invoke(Dispatcher.java:659) ~[CoralClient-1.1.jar:?]
		at com.amazon.coral.client.Dispatcher.dispatch(Dispatcher.java:185) ~[CoralClient-1.1.jar:?]
		at com.amazon.devtools.bmds.generated.impl.GetSignatureDataForPackageVersionPlatformCall.call(GetSignatureDataForPackageVersionPlatformCall.java:80) ~[BMDSCoralJavaClient-1.1.jar:?]
		at com.amazon.brazil.pkgcacher.signing.BmdsCatalogVerifierProvider.getSignatureData(BmdsCatalogVerifierProvider.java:84) ~[BrazilPackageCacheLib-2.0.jar:?]
		at com.amazon.brazil.pkgcacher.signing.BmdsCatalogVerifierProvider$1.decorate(BmdsCatalogVerifierProvider.java:110) ~[BrazilPackageCacheLib-2.0.jar:?]
		at com.amazon.brazil.pkgcacher.impl.PackageVersionEntry.locateArtifactToDownload(PackageVersionEntry.java:52) ~[BrazilPackageCacheLib-2.0.jar:?]
		at com.amazon.brazil.pkgcacher.impl.DownloadTask.download(DownloadTask.java:91) ~[BrazilPackageCacheLib-2.0.jar:?]
		at com.amazon.brazil.pkgcacher.impl.CacheTask.runImpl(CacheTask.java:55) ~[BrazilPackageCacheLib-2.0.jar:?]
		at com.amazon.brazil.pkgcacher.impl.CacheTask.runImpl(CacheTask.java:21) ~[BrazilPackageCacheLib-2.0.jar:?]
		at com.amazon.brazil.pkgcacher.task.Task.run(Task.java:48) ~[BrazilPackageCacheLib-2.0.jar:?]
		at com.amazon.brazil.pkgcacher.impl.CacheExecutorService$TaskCallable.call(CacheExecutorService.java:308) ~[BrazilPackageCacheLib-2.0.jar:?]
		at com.amazon.brazil.pkgcacher.impl.CacheExecutorService$TaskCallable.call(CacheExecutorService.java:294) ~[BrazilPackageCacheLib-2.0.jar:?]
		at java.util.concurrent.FutureTask.run(FutureTask.java:266) ~[?:1.8.0_282]
		at java.util.concurrent.ThreadPoolExecutor.runWorker(ThreadPoolExecutor.java:1149) ~[?:1.8.0_282]
		at java.util.concurrent.ThreadPoolExecutor$Worker.run(ThreadPoolExecutor.java:624) ~[?:1.8.0_282]
		at java.lang.Thread.run(Thread.java:748) [?:1.8.0_282]
	Suppressed: java.lang.RuntimeException: Exception was caught here:
		at com.amazon.coral.client.Dispatcher.withCurrentContext(Dispatcher.java:341) ~[CoralClient-1.1.jar:?]
		at com.amazon.coral.client.Dispatcher.dispatch(Dispatcher.java:187) ~[CoralClient-1.1.jar:?]
		at com.amazon.devtools.bmds.generated.impl.GetSignatureDataForPackageVersionPlatformCall.call(GetSignatureDataForPackageVersionPlatformCall.java:80) ~[BMDSCoralJavaClient-1.1.jar:?]
		at com.amazon.brazil.pkgcacher.signing.BmdsCatalogVerifierProvider.getSignatureData(BmdsCatalogVerifierProvider.java:84) ~[BrazilPackageCacheLib-2.0.jar:?]
		at com.amazon.brazil.pkgcacher.signing.BmdsCatalogVerifierProvider$1.decorate(BmdsCatalogVerifierProvider.java:110) ~[BrazilPackageCacheLib-2.0.jar:?]
		at com.amazon.brazil.pkgcacher.impl.PackageVersionEntry.locateArtifactToDownload(PackageVersionEntry.java:52) ~[BrazilPackageCacheLib-2.0.jar:?]
		at com.amazon.brazil.pkgcacher.impl.DownloadTask.download(DownloadTask.java:91) ~[BrazilPackageCacheLib-2.0.jar:?]
		at com.amazon.brazil.pkgcacher.impl.CacheTask.runImpl(CacheTask.java:55) ~[BrazilPackageCacheLib-2.0.jar:?]
		at com.amazon.brazil.pkgcacher.impl.CacheTask.runImpl(CacheTask.java:21) ~[BrazilPackageCacheLib-2.0.jar:?]
		at com.amazon.brazil.pkgcacher.task.Task.run(Task.java:48) ~[BrazilPackageCacheLib-2.0.jar:?]
		at com.amazon.brazil.pkgcacher.impl.CacheExecutorService$TaskCallable.call(CacheExecutorService.java:308) ~[BrazilPackageCacheLib-2.0.jar:?]
		at com.amazon.brazil.pkgcacher.impl.CacheExecutorService$TaskCallable.call(CacheExecutorService.java:294) ~[BrazilPackageCacheLib-2.0.jar:?]
		at java.util.concurrent.FutureTask.run(FutureTask.java:266) ~[?:1.8.0_282]
		at java.util.concurrent.ThreadPoolExecutor.runWorker(ThreadPoolExecutor.java:1149) ~[?:1.8.0_282]
		at java.util.concurrent.ThreadPoolExecutor$Worker.run(ThreadPoolExecutor.java:624) ~[?:1.8.0_282]
		at java.lang.Thread.run(Thread.java:748) [?:1.8.0_282]
2021-03-11T13:00:23,045 [ERROR] (Daemon socket IO workers-3-3) ([GLOBAL_CACHE, seq:1615420865323]) com.amazon.brazil.pkgcacher.rpc.CacheMethodHandler: Exception in caching RHEL5_64-NodeJS-12.x.42217.0-Catalog
com.amazon.devtools.bmds.generated.ObjectDoesNotExistException: The package version 'NodeJS-12.x.42217.0' was not built for the platform 'RHEL5_64'
	at sun.reflect.NativeConstructorAccessorImpl.newInstance0(Native Method) ~[?:1.8.0_282]
	at sun.reflect.NativeConstructorAccessorImpl.newInstance(NativeConstructorAccessorImpl.java:62) ~[?:1.8.0_282]
	at sun.reflect.DelegatingConstructorAccessorImpl.newInstance(DelegatingConstructorAccessorImpl.java:45) ~[?:1.8.0_282]
	at java.lang.reflect.Constructor.newInstance(Constructor.java:423) ~[?:1.8.0_282]
	at com.amazon.coral.reflect.instantiate.ReflectiveInstantiatorFactory$1.newInstance(ReflectiveInstantiatorFactory.java:56) ~[CoralReflect-1.1.jar:?]
	at com.amazon.coral.reflect.ObjectBuilder.newObject(ObjectBuilder.java:51) ~[CoralBeanValue-1.1.jar:?]
	at com.amazon.coral.value.bean.BeanValueAdapter.completeFrame(BeanValueAdapter.java:238) ~[CoralBeanValue-1.1.jar:?]
	at com.amazon.coral.value.bean.BeanValueAdapter.access$500(BeanValueAdapter.java:18) ~[CoralBeanValue-1.1.jar:?]
	at com.amazon.coral.value.bean.BeanValueAdapter$5.onListEnd(BeanValueAdapter.java:145) ~[CoralBeanValue-1.1.jar:?]
	at com.amazon.coral.value.bean.BeanValueAdapter.onListEnd(BeanValueAdapter.java:72) ~[CoralBeanValue-1.1.jar:?]
	at com.amazon.coral.transmute.json.JsonStructureToObject.emitClassFooter(JsonStructureToObject.java:80) ~[CoralTransmute-1.1.jar:?]
	at com.amazon.coral.transmute.json.JsonStructureToObject.access$900(JsonStructureToObject.java:23) ~[CoralTransmute-1.1.jar:?]
	at com.amazon.coral.transmute.json.JsonStructureToObject$Serializer2.onComplexEnd(JsonStructureToObject.java:320) ~[CoralTransmute-1.1.jar:?]
	at com.amazon.coral.transmute.AbstractTransmuter$TransmutationValueVisitor.onComplexEnd(AbstractTransmuter.java:288) ~[CoralTransmute-1.1.jar:?]
	at com.amazon.coral.json.value.AssemblyQualifiedValue$QualifyingVisitor.onComplexEnd(AssemblyQualifiedValue.java:137) ~[CoralTransmutingProxySupport-1.1.jar:?]
	at com.amazon.coral.client.RpcReplyUnwrapper$ReplyFilter.onComplexEnd(RpcReplyUnwrapper.java:80) ~[CoralTransmutingProxySupport-1.1.jar:?]
	at com.amazon.coral.value.basic.ComplexValue.accept(ComplexValue.java:75) ~[CoralValue-1.1.jar:?]
	at com.amazon.coral.value.basic.ComplexValue.accept(ComplexValue.java:62) ~[CoralValue-1.1.jar:?]
	at com.amazon.coral.value.basic.ElementValue.accept(ElementValue.java:63) ~[CoralValue-1.1.jar:?]
	at com.amazon.coral.value.json.JsonValue.accept(JsonValue.java:50) ~[CoralJsonValue-1.1.jar:?]
	at com.amazon.coral.client.RpcReplyUnwrapper.accept(RpcReplyUnwrapper.java:29) ~[CoralTransmutingProxySupport-1.1.jar:?]
	at com.amazon.coral.json.value.AssemblyQualifiedValue.accept(AssemblyQualifiedValue.java:62) ~[CoralTransmutingProxySupport-1.1.jar:?]
	at com.amazon.coral.transmute.AbstractTransmuter.transmute(AbstractTransmuter.java:71) ~[CoralTransmute-1.1.jar:?]
	at com.amazon.coral.service.RpcBeanTransmutingProxy.doTransmute(RpcBeanTransmutingProxy.java:36) ~[CoralTransmutingProxySupport-1.1.jar:?]
	at com.amazon.coral.service.AbstractTransmutingProxy.transmute(AbstractTransmutingProxy.java:28) ~[CoralTransmutingProxy-1.1.jar:?]
	at com.amazon.coral.client.RpcReplyUnwrappingProxy.transmute(RpcReplyUnwrappingProxy.java:39) ~[CoralTransmutingProxySupport-1.1.jar:?]
	at com.amazon.coral.service.ByteJsonTransmutingProxy.transmute(ByteJsonTransmutingProxy.java:41) ~[CoralTransmutingProxySupport-1.1.jar:?]
	at com.amazon.coral.client.BeanPassthroughProxy.transmute(BeanPassthroughProxy.java:31) ~[CoralClient-1.1.jar:?]
	at com.amazon.coral.client.JobValueExtractor.getRegularOperationModelOutput(JobValueExtractor.java:150) ~[CoralClientOrchestration-1.1.jar:?]
	at com.amazon.coral.client.JobValueExtractor.getOperationModelOutput(JobValueExtractor.java:109) ~[CoralClientOrchestration-1.1.jar:?]
	at com.amazon.coral.client.ClientProtocolHandler.getOutput(ClientProtocolHandler.java:69) ~[CoralClientOrchestration-1.1.jar:?]
	at com.amazon.coral.client.CoralRpcClientHandler.after(CoralRpcClientHandler.java:142) ~[CoralRpcSupport-1.1.jar:?]
	at com.amazon.coral.client.HttpRpcClientHandler.after(HttpRpcClientHandler.java:78) ~[CoralRpcSupport-1.1.jar:?]
	at com.amazon.coral.service.HandlerAdapter.after(HandlerAdapter.java:26) ~[CoralOrchestrator-1.1.jar:?]
	at com.amazon.coral.service.TransmutingContinuationHandler.after(TransmutingContinuationHandler.java:60) ~[CoralOrchestrator-1.1.jar:?]
	at com.amazon.coral.service.ChainJobWorkflow.lambda$newAfterWork$1(ChainJobWorkflow.java:96) ~[CoralContinuationOrchestrator-1.1.jar:?]
	at com.amazon.coral.service.ExecutorServiceContinuationOrchestrator$JobExecution.run(ExecutorServiceContinuationOrchestrator.java:324) ~[CoralContinuationOrchestrator-1.1.jar:?]
	at java.util.concurrent.Executors$RunnableAdapter.call(Executors.java:511) ~[?:1.8.0_282]
	at java.util.concurrent.FutureTask.run(FutureTask.java:266) ~[?:1.8.0_282]
	at java.util.concurrent.ThreadPoolExecutor.runWorker(ThreadPoolExecutor.java:1149) ~[?:1.8.0_282]
	at java.util.concurrent.ThreadPoolExecutor$Worker.run(ThreadPoolExecutor.java:624) ~[?:1.8.0_282]
	at java.lang.Thread.run(Thread.java:748) [?:1.8.0_282]
	Suppressed: java.lang.RuntimeException: Exception was caught here:
		at com.amazon.coral.client.Dispatcher.withCurrentContext(Dispatcher.java:341) ~[CoralClient-1.1.jar:?]
		at com.amazon.coral.client.Dispatcher.getRequestResponse(Dispatcher.java:328) ~[CoralClient-1.1.jar:?]
		at com.amazon.coral.client.Dispatcher.access$100(Dispatcher.java:81) ~[CoralClient-1.1.jar:?]
		at com.amazon.coral.client.Dispatcher$1.call(Dispatcher.java:266) ~[CoralClient-1.1.jar:?]
		at com.amazon.coral.retry.RetryingCallable.call(RetryingCallable.java:112) ~[CoralRetry-2.0.jar:?]
		at com.amazon.coral.client.Dispatcher.dispatchRequest(Dispatcher.java:286) ~[CoralClient-1.1.jar:?]
		at com.amazon.coral.client.Dispatcher.doDispatch(Dispatcher.java:192) ~[CoralClient-1.1.jar:?]
		at sun.reflect.NativeMethodAccessorImpl.invoke0(Native Method) ~[?:1.8.0_282]
		at sun.reflect.NativeMethodAccessorImpl.invoke(NativeMethodAccessorImpl.java:62) ~[?:1.8.0_282]
		at sun.reflect.DelegatingMethodAccessorImpl.invoke(DelegatingMethodAccessorImpl.java:43) ~[?:1.8.0_282]
		at java.lang.reflect.Method.invoke(Method.java:498) ~[?:1.8.0_282]
		at com.amazon.coral.reflect.invoke.ReflectiveInvokerFactory$1.invoke(ReflectiveInvokerFactory.java:77) ~[CoralReflect-1.1.jar:?]
		at com.amazon.coral.client.Dispatcher$2.invoke(Dispatcher.java:659) ~[CoralClient-1.1.jar:?]
		at com.amazon.coral.client.Dispatcher.dispatch(Dispatcher.java:185) ~[CoralClient-1.1.jar:?]
		at com.amazon.devtools.bmds.generated.impl.GetSignatureDataForPackageVersionPlatformCall.call(GetSignatureDataForPackageVersionPlatformCall.java:80) ~[BMDSCoralJavaClient-1.1.jar:?]
		at com.amazon.brazil.pkgcacher.signing.BmdsCatalogVerifierProvider.getSignatureData(BmdsCatalogVerifierProvider.java:84) ~[BrazilPackageCacheLib-2.0.jar:?]
		at com.amazon.brazil.pkgcacher.signing.BmdsCatalogVerifierProvider$1.decorate(BmdsCatalogVerifierProvider.java:110) ~[BrazilPackageCacheLib-2.0.jar:?]
		at com.amazon.brazil.pkgcacher.impl.PackageVersionEntry.locateArtifactToDownload(PackageVersionEntry.java:52) ~[BrazilPackageCacheLib-2.0.jar:?]
		at com.amazon.brazil.pkgcacher.impl.DownloadTask.download(DownloadTask.java:91) ~[BrazilPackageCacheLib-2.0.jar:?]
		at com.amazon.brazil.pkgcacher.impl.CacheTask.runImpl(CacheTask.java:55) ~[BrazilPackageCacheLib-2.0.jar:?]
		at com.amazon.brazil.pkgcacher.impl.CacheTask.runImpl(CacheTask.java:21) ~[BrazilPackageCacheLib-2.0.jar:?]
		at com.amazon.brazil.pkgcacher.task.Task.run(Task.java:48) ~[BrazilPackageCacheLib-2.0.jar:?]
		at com.amazon.brazil.pkgcacher.impl.CacheExecutorService$TaskCallable.call(CacheExecutorService.java:308) ~[BrazilPackageCacheLib-2.0.jar:?]
		at com.amazon.brazil.pkgcacher.impl.CacheExecutorService$TaskCallable.call(CacheExecutorService.java:294) ~[BrazilPackageCacheLib-2.0.jar:?]
		at java.util.concurrent.FutureTask.run(FutureTask.java:266) ~[?:1.8.0_282]
		at java.util.concurrent.ThreadPoolExecutor.runWorker(ThreadPoolExecutor.java:1149) ~[?:1.8.0_282]
		at java.util.concurrent.ThreadPoolExecutor$Worker.run(ThreadPoolExecutor.java:624) ~[?:1.8.0_282]
		at java.lang.Thread.run(Thread.java:748) [?:1.8.0_282]
	Suppressed: java.lang.RuntimeException: Exception was caught here:
		at com.amazon.coral.client.Dispatcher.withCurrentContext(Dispatcher.java:341) ~[CoralClient-1.1.jar:?]
		at com.amazon.coral.client.Dispatcher.dispatch(Dispatcher.java:187) ~[CoralClient-1.1.jar:?]
		at com.amazon.devtools.bmds.generated.impl.GetSignatureDataForPackageVersionPlatformCall.call(GetSignatureDataForPackageVersionPlatformCall.java:80) ~[BMDSCoralJavaClient-1.1.jar:?]
		at com.amazon.brazil.pkgcacher.signing.BmdsCatalogVerifierProvider.getSignatureData(BmdsCatalogVerifierProvider.java:84) ~[BrazilPackageCacheLib-2.0.jar:?]
		at com.amazon.brazil.pkgcacher.signing.BmdsCatalogVerifierProvider$1.decorate(BmdsCatalogVerifierProvider.java:110) ~[BrazilPackageCacheLib-2.0.jar:?]
		at com.amazon.brazil.pkgcacher.impl.PackageVersionEntry.locateArtifactToDownload(PackageVersionEntry.java:52) ~[BrazilPackageCacheLib-2.0.jar:?]
		at com.amazon.brazil.pkgcacher.impl.DownloadTask.download(DownloadTask.java:91) ~[BrazilPackageCacheLib-2.0.jar:?]
		at com.amazon.brazil.pkgcacher.impl.CacheTask.runImpl(CacheTask.java:55) ~[BrazilPackageCacheLib-2.0.jar:?]
		at com.amazon.brazil.pkgcacher.impl.CacheTask.runImpl(CacheTask.java:21) ~[BrazilPackageCacheLib-2.0.jar:?]
		at com.amazon.brazil.pkgcacher.task.Task.run(Task.java:48) ~[BrazilPackageCacheLib-2.0.jar:?]
		at com.amazon.brazil.pkgcacher.impl.CacheExecutorService$TaskCallable.call(CacheExecutorService.java:308) ~[BrazilPackageCacheLib-2.0.jar:?]
		at com.amazon.brazil.pkgcacher.impl.CacheExecutorService$TaskCallable.call(CacheExecutorService.java:294) ~[BrazilPackageCacheLib-2.0.jar:?]
		at java.util.concurrent.FutureTask.run(FutureTask.java:266) ~[?:1.8.0_282]
		at java.util.concurrent.ThreadPoolExecutor.runWorker(ThreadPoolExecutor.java:1149) ~[?:1.8.0_282]
		at java.util.concurrent.ThreadPoolExecutor$Worker.run(ThreadPoolExecutor.java:624) ~[?:1.8.0_282]
		at java.lang.Thread.run(Thread.java:748) [?:1.8.0_282]
2021-03-11T13:00:23,066 [FATAL] (Daemon socket IO workers-3-3) ([GLOBAL_CACHE, seq:1615420865323]) bpc.error: Failed request because of unknown error
com.amazon.brazil.pkgcacher.rpc.CacheOperationException: Error occurred while caching RHEL5_64-NodeJS-12.x.42217.0-Catalog. ObjectDoesNotExistException: The package version 'NodeJS-12.x.42217.0' was not built for the platform 'RHEL5_64'
	at com.amazon.brazil.pkgcacher.rpc.CacheMethodHandler.createCacheOperationException(CacheMethodHandler.java:454) ~[BrazilPackageCacheDaemon-1.0.jar:?]
	at com.amazon.brazil.pkgcacher.rpc.CacheMethodHandler.futureResult(CacheMethodHandler.java:362) ~[BrazilPackageCacheDaemon-1.0.jar:?]
	at com.amazon.brazil.pkgcacher.rpc.CacheMethodHandler.executeSingleCacheJob(CacheMethodHandler.java:302) ~[BrazilPackageCacheDaemon-1.0.jar:?]
	at com.amazon.brazil.pkgcacher.rpc.CacheMethodHandler.cacheCatalog(CacheMethodHandler.java:519) ~[BrazilPackageCacheDaemon-1.0.jar:?]
	at com.amazon.brazil.pkgcacher.rpc.CacheMethodHandler.newDownloadVerifier(CacheMethodHandler.java:537) ~[BrazilPackageCacheDaemon-1.0.jar:?]
	at com.amazon.brazil.pkgcacher.rpc.CacheMethodHandler.createContext(CacheMethodHandler.java:500) ~[BrazilPackageCacheDaemon-1.0.jar:?]
	at com.amazon.brazil.pkgcacher.rpc.CacheMethodHandler.handle(CacheMethodHandler.java:139) [BrazilPackageCacheDaemon-1.0.jar:?]
	at com.amazon.brazil.pkgcacher.rpc.CachingRequestHandler.channelRead(CachingRequestHandler.java:90) [BrazilPackageCacheDaemon-1.0.jar:?]
	at io.netty.channel.AbstractChannelHandlerContext.invokeChannelRead(AbstractChannelHandlerContext.java:342) [netty-transport-4.0.jar:4.0.37.Final]
	at io.netty.channel.AbstractChannelHandlerContext.invokeChannelRead(AbstractChannelHandlerContext.java:328) [netty-transport-4.0.jar:4.0.37.Final]
	at io.netty.channel.AbstractChannelHandlerContext.fireChannelRead(AbstractChannelHandlerContext.java:321) [netty-transport-4.0.jar:4.0.37.Final]
	at io.netty.handler.codec.MessageToMessageDecoder.channelRead(MessageToMessageDecoder.java:102) [netty-codec-4.0.jar:4.0.37.Final]
	at io.netty.channel.AbstractChannelHandlerContext.invokeChannelRead(AbstractChannelHandlerContext.java:342) [netty-transport-4.0.jar:4.0.37.Final]
	at io.netty.channel.AbstractChannelHandlerContext.invokeChannelRead(AbstractChannelHandlerContext.java:328) [netty-transport-4.0.jar:4.0.37.Final]
	at io.netty.channel.AbstractChannelHandlerContext.fireChannelRead(AbstractChannelHandlerContext.java:321) [netty-transport-4.0.jar:4.0.37.Final]
	at io.netty.handler.codec.MessageToMessageDecoder.channelRead(MessageToMessageDecoder.java:102) [netty-codec-4.0.jar:4.0.37.Final]
	at io.netty.channel.AbstractChannelHandlerContext.invokeChannelRead(AbstractChannelHandlerContext.java:342) [netty-transport-4.0.jar:4.0.37.Final]
	at io.netty.channel.AbstractChannelHandlerContext.invokeChannelRead(AbstractChannelHandlerContext.java:328) [netty-transport-4.0.jar:4.0.37.Final]
	at io.netty.channel.AbstractChannelHandlerContext.fireChannelRead(AbstractChannelHandlerContext.java:321) [netty-transport-4.0.jar:4.0.37.Final]
	at io.netty.handler.codec.ByteToMessageDecoder.fireChannelRead(ByteToMessageDecoder.java:293) [netty-codec-4.0.jar:4.0.37.Final]
	at io.netty.handler.codec.ByteToMessageDecoder.channelRead(ByteToMessageDecoder.java:267) [netty-codec-4.0.jar:4.0.37.Final]
	at io.netty.channel.AbstractChannelHandlerContext.invokeChannelRead(AbstractChannelHandlerContext.java:342) [netty-transport-4.0.jar:4.0.37.Final]
	at io.netty.channel.AbstractChannelHandlerContext.invokeChannelRead(AbstractChannelHandlerContext.java:328) [netty-transport-4.0.jar:4.0.37.Final]
	at io.netty.channel.AbstractChannelHandlerContext.fireChannelRead(AbstractChannelHandlerContext.java:321) [netty-transport-4.0.jar:4.0.37.Final]
	at io.netty.handler.logging.LoggingHandler.channelRead(LoggingHandler.java:240) [netty-handler-4.0.jar:4.0.37.Final]
	at io.netty.channel.AbstractChannelHandlerContext.invokeChannelRead(AbstractChannelHandlerContext.java:342) [netty-transport-4.0.jar:4.0.37.Final]
	at io.netty.channel.AbstractChannelHandlerContext.invokeChannelRead(AbstractChannelHandlerContext.java:328) [netty-transport-4.0.jar:4.0.37.Final]
	at io.netty.channel.AbstractChannelHandlerContext.fireChannelRead(AbstractChannelHandlerContext.java:321) [netty-transport-4.0.jar:4.0.37.Final]
	at io.netty.channel.DefaultChannelPipeline$HeadContext.channelRead(DefaultChannelPipeline.java:1280) [netty-transport-4.0.jar:4.0.37.Final]
	at io.netty.channel.AbstractChannelHandlerContext.invokeChannelRead(AbstractChannelHandlerContext.java:342) [netty-transport-4.0.jar:4.0.37.Final]
	at io.netty.channel.AbstractChannelHandlerContext.invokeChannelRead(AbstractChannelHandlerContext.java:328) [netty-transport-4.0.jar:4.0.37.Final]
	at io.netty.channel.DefaultChannelPipeline.fireChannelRead(DefaultChannelPipeline.java:890) [netty-transport-4.0.jar:4.0.37.Final]
	at io.netty.channel.nio.AbstractNioByteChannel$NioByteUnsafe.read(AbstractNioByteChannel.java:131) [netty-transport-4.0.jar:4.0.37.Final]
	at io.netty.channel.nio.NioEventLoop.processSelectedKey(NioEventLoop.java:564) [netty-transport-4.0.jar:4.0.37.Final]
	at io.netty.channel.nio.NioEventLoop.processSelectedKeysOptimized(NioEventLoop.java:505) [netty-transport-4.0.jar:4.0.37.Final]
	at io.netty.channel.nio.NioEventLoop.processSelectedKeys(NioEventLoop.java:419) [netty-transport-4.0.jar:4.0.37.Final]
	at io.netty.channel.nio.NioEventLoop.run(NioEventLoop.java:391) [netty-transport-4.0.jar:4.0.37.Final]
	at io.netty.util.concurrent.SingleThreadEventExecutor$2.run(SingleThreadEventExecutor.java:112) [netty-common-4.0.jar:4.0.37.Final]
	at io.netty.util.concurrent.DefaultThreadFactory$DefaultRunnableDecorator.run(DefaultThreadFactory.java:145) [netty-common-4.0.jar:4.0.37.Final]
	at java.lang.Thread.run(Thread.java:748) [?:1.8.0_282]
Caused by: com.amazon.devtools.bmds.generated.ObjectDoesNotExistException: The package version 'NodeJS-12.x.42217.0' was not built for the platform 'RHEL5_64'
	at sun.reflect.NativeConstructorAccessorImpl.newInstance0(Native Method) ~[?:1.8.0_282]
	at sun.reflect.NativeConstructorAccessorImpl.newInstance(NativeConstructorAccessorImpl.java:62) ~[?:1.8.0_282]
	at sun.reflect.DelegatingConstructorAccessorImpl.newInstance(DelegatingConstructorAccessorImpl.java:45) ~[?:1.8.0_282]
	at java.lang.reflect.Constructor.newInstance(Constructor.java:423) ~[?:1.8.0_282]
	at com.amazon.coral.reflect.instantiate.ReflectiveInstantiatorFactory$1.newInstance(ReflectiveInstantiatorFactory.java:56) ~[CoralReflect-1.1.jar:?]
	at com.amazon.coral.reflect.ObjectBuilder.newObject(ObjectBuilder.java:51) ~[CoralBeanValue-1.1.jar:?]
	at com.amazon.coral.value.bean.BeanValueAdapter.completeFrame(BeanValueAdapter.java:238) ~[CoralBeanValue-1.1.jar:?]
	at com.amazon.coral.value.bean.BeanValueAdapter.access$500(BeanValueAdapter.java:18) ~[CoralBeanValue-1.1.jar:?]
	at com.amazon.coral.value.bean.BeanValueAdapter$5.onListEnd(BeanValueAdapter.java:145) ~[CoralBeanValue-1.1.jar:?]
	at com.amazon.coral.value.bean.BeanValueAdapter.onListEnd(BeanValueAdapter.java:72) ~[CoralBeanValue-1.1.jar:?]
	at com.amazon.coral.transmute.json.JsonStructureToObject.emitClassFooter(JsonStructureToObject.java:80) ~[CoralTransmute-1.1.jar:?]
	at com.amazon.coral.transmute.json.JsonStructureToObject.access$900(JsonStructureToObject.java:23) ~[CoralTransmute-1.1.jar:?]
	at com.amazon.coral.transmute.json.JsonStructureToObject$Serializer2.onComplexEnd(JsonStructureToObject.java:320) ~[CoralTransmute-1.1.jar:?]
	at com.amazon.coral.transmute.AbstractTransmuter$TransmutationValueVisitor.onComplexEnd(AbstractTransmuter.java:288) ~[CoralTransmute-1.1.jar:?]
	at com.amazon.coral.json.value.AssemblyQualifiedValue$QualifyingVisitor.onComplexEnd(AssemblyQualifiedValue.java:137) ~[CoralTransmutingProxySupport-1.1.jar:?]
	at com.amazon.coral.client.RpcReplyUnwrapper$ReplyFilter.onComplexEnd(RpcReplyUnwrapper.java:80) ~[CoralTransmutingProxySupport-1.1.jar:?]
	at com.amazon.coral.value.basic.ComplexValue.accept(ComplexValue.java:75) ~[CoralValue-1.1.jar:?]
	at com.amazon.coral.value.basic.ComplexValue.accept(ComplexValue.java:62) ~[CoralValue-1.1.jar:?]
	at com.amazon.coral.value.basic.ElementValue.accept(ElementValue.java:63) ~[CoralValue-1.1.jar:?]
	at com.amazon.coral.value.json.JsonValue.accept(JsonValue.java:50) ~[CoralJsonValue-1.1.jar:?]
	at com.amazon.coral.client.RpcReplyUnwrapper.accept(RpcReplyUnwrapper.java:29) ~[CoralTransmutingProxySupport-1.1.jar:?]
	at com.amazon.coral.json.value.AssemblyQualifiedValue.accept(AssemblyQualifiedValue.java:62) ~[CoralTransmutingProxySupport-1.1.jar:?]
	at com.amazon.coral.transmute.AbstractTransmuter.transmute(AbstractTransmuter.java:71) ~[CoralTransmute-1.1.jar:?]
	at com.amazon.coral.service.RpcBeanTransmutingProxy.doTransmute(RpcBeanTransmutingProxy.java:36) ~[CoralTransmutingProxySupport-1.1.jar:?]
	at com.amazon.coral.service.AbstractTransmutingProxy.transmute(AbstractTransmutingProxy.java:28) ~[CoralTransmutingProxy-1.1.jar:?]
	at com.amazon.coral.client.RpcReplyUnwrappingProxy.transmute(RpcReplyUnwrappingProxy.java:39) ~[CoralTransmutingProxySupport-1.1.jar:?]
	at com.amazon.coral.service.ByteJsonTransmutingProxy.transmute(ByteJsonTransmutingProxy.java:41) ~[CoralTransmutingProxySupport-1.1.jar:?]
	at com.amazon.coral.client.BeanPassthroughProxy.transmute(BeanPassthroughProxy.java:31) ~[CoralClient-1.1.jar:?]
	at com.amazon.coral.client.JobValueExtractor.getRegularOperationModelOutput(JobValueExtractor.java:150) ~[CoralClientOrchestration-1.1.jar:?]
	at com.amazon.coral.client.JobValueExtractor.getOperationModelOutput(JobValueExtractor.java:109) ~[CoralClientOrchestration-1.1.jar:?]
	at com.amazon.coral.client.ClientProtocolHandler.getOutput(ClientProtocolHandler.java:69) ~[CoralClientOrchestration-1.1.jar:?]
	at com.amazon.coral.client.CoralRpcClientHandler.after(CoralRpcClientHandler.java:142) ~[CoralRpcSupport-1.1.jar:?]
	at com.amazon.coral.client.HttpRpcClientHandler.after(HttpRpcClientHandler.java:78) ~[CoralRpcSupport-1.1.jar:?]
	at com.amazon.coral.service.HandlerAdapter.after(HandlerAdapter.java:26) ~[CoralOrchestrator-1.1.jar:?]
	at com.amazon.coral.service.TransmutingContinuationHandler.after(TransmutingContinuationHandler.java:60) ~[CoralOrchestrator-1.1.jar:?]
	at com.amazon.coral.service.ChainJobWorkflow.lambda$newAfterWork$1(ChainJobWorkflow.java:96) ~[CoralContinuationOrchestrator-1.1.jar:?]
	at com.amazon.coral.service.ExecutorServiceContinuationOrchestrator$JobExecution.run(ExecutorServiceContinuationOrchestrator.java:324) ~[CoralContinuationOrchestrator-1.1.jar:?]
	at java.util.concurrent.Executors$RunnableAdapter.call(Executors.java:511) ~[?:1.8.0_282]
	at java.util.concurrent.FutureTask.run(FutureTask.java:266) ~[?:1.8.0_282]
	at java.util.concurrent.ThreadPoolExecutor.runWorker(ThreadPoolExecutor.java:1149) ~[?:1.8.0_282]
	at java.util.concurrent.ThreadPoolExecutor$Worker.run(ThreadPoolExecutor.java:624) ~[?:1.8.0_282]
	... 1 more
	Suppressed: java.lang.RuntimeException: Exception was caught here:
		at com.amazon.coral.client.Dispatcher.withCurrentContext(Dispatcher.java:341) ~[CoralClient-1.1.jar:?]
		at com.amazon.coral.client.Dispatcher.getRequestResponse(Dispatcher.java:328) ~[CoralClient-1.1.jar:?]
		at com.amazon.coral.client.Dispatcher.access$100(Dispatcher.java:81) ~[CoralClient-1.1.jar:?]
		at com.amazon.coral.client.Dispatcher$1.call(Dispatcher.java:266) ~[CoralClient-1.1.jar:?]
		at com.amazon.coral.retry.RetryingCallable.call(RetryingCallable.java:112) ~[CoralRetry-2.0.jar:?]
		at com.amazon.coral.client.Dispatcher.dispatchRequest(Dispatcher.java:286) ~[CoralClient-1.1.jar:?]
		at com.amazon.coral.client.Dispatcher.doDispatch(Dispatcher.java:192) ~[CoralClient-1.1.jar:?]
		at sun.reflect.NativeMethodAccessorImpl.invoke0(Native Method) ~[?:1.8.0_282]
		at sun.reflect.NativeMethodAccessorImpl.invoke(NativeMethodAccessorImpl.java:62) ~[?:1.8.0_282]
		at sun.reflect.DelegatingMethodAccessorImpl.invoke(DelegatingMethodAccessorImpl.java:43) ~[?:1.8.0_282]
		at java.lang.reflect.Method.invoke(Method.java:498) ~[?:1.8.0_282]
		at com.amazon.coral.reflect.invoke.ReflectiveInvokerFactory$1.invoke(ReflectiveInvokerFactory.java:77) ~[CoralReflect-1.1.jar:?]
		at com.amazon.coral.client.Dispatcher$2.invoke(Dispatcher.java:659) ~[CoralClient-1.1.jar:?]
		at com.amazon.coral.client.Dispatcher.dispatch(Dispatcher.java:185) ~[CoralClient-1.1.jar:?]
		at com.amazon.devtools.bmds.generated.impl.GetSignatureDataForPackageVersionPlatformCall.call(GetSignatureDataForPackageVersionPlatformCall.java:80) ~[BMDSCoralJavaClient-1.1.jar:?]
		at com.amazon.brazil.pkgcacher.signing.BmdsCatalogVerifierProvider.getSignatureData(BmdsCatalogVerifierProvider.java:84) ~[BrazilPackageCacheLib-2.0.jar:?]
		at com.amazon.brazil.pkgcacher.signing.BmdsCatalogVerifierProvider$1.decorate(BmdsCatalogVerifierProvider.java:110) ~[BrazilPackageCacheLib-2.0.jar:?]
		at com.amazon.brazil.pkgcacher.impl.PackageVersionEntry.locateArtifactToDownload(PackageVersionEntry.java:52) ~[BrazilPackageCacheLib-2.0.jar:?]
		at com.amazon.brazil.pkgcacher.impl.DownloadTask.download(DownloadTask.java:91) ~[BrazilPackageCacheLib-2.0.jar:?]
		at com.amazon.brazil.pkgcacher.impl.CacheTask.runImpl(CacheTask.java:55) ~[BrazilPackageCacheLib-2.0.jar:?]
		at com.amazon.brazil.pkgcacher.impl.CacheTask.runImpl(CacheTask.java:21) ~[BrazilPackageCacheLib-2.0.jar:?]
		at com.amazon.brazil.pkgcacher.task.Task.run(Task.java:48) ~[BrazilPackageCacheLib-2.0.jar:?]
		at com.amazon.brazil.pkgcacher.impl.CacheExecutorService$TaskCallable.call(CacheExecutorService.java:308) ~[BrazilPackageCacheLib-2.0.jar:?]
		at com.amazon.brazil.pkgcacher.impl.CacheExecutorService$TaskCallable.call(CacheExecutorService.java:294) ~[BrazilPackageCacheLib-2.0.jar:?]
		at java.util.concurrent.FutureTask.run(FutureTask.java:266) ~[?:1.8.0_282]
		at java.util.concurrent.ThreadPoolExecutor.runWorker(ThreadPoolExecutor.java:1149) ~[?:1.8.0_282]
		at java.util.concurrent.ThreadPoolExecutor$Worker.run(ThreadPoolExecutor.java:624) ~[?:1.8.0_282]
		at java.lang.Thread.run(Thread.java:748) [?:1.8.0_282]
	Suppressed: java.lang.RuntimeException: Exception was caught here:
		at com.amazon.coral.client.Dispatcher.withCurrentContext(Dispatcher.java:341) ~[CoralClient-1.1.jar:?]
		at com.amazon.coral.client.Dispatcher.dispatch(Dispatcher.java:187) ~[CoralClient-1.1.jar:?]
		at com.amazon.devtools.bmds.generated.impl.GetSignatureDataForPackageVersionPlatformCall.call(GetSignatureDataForPackageVersionPlatformCall.java:80) ~[BMDSCoralJavaClient-1.1.jar:?]
		at com.amazon.brazil.pkgcacher.signing.BmdsCatalogVerifierProvider.getSignatureData(BmdsCatalogVerifierProvider.java:84) ~[BrazilPackageCacheLib-2.0.jar:?]
		at com.amazon.brazil.pkgcacher.signing.BmdsCatalogVerifierProvider$1.decorate(BmdsCatalogVerifierProvider.java:110) ~[BrazilPackageCacheLib-2.0.jar:?]
		at com.amazon.brazil.pkgcacher.impl.PackageVersionEntry.locateArtifactToDownload(PackageVersionEntry.java:52) ~[BrazilPackageCacheLib-2.0.jar:?]
		at com.amazon.brazil.pkgcacher.impl.DownloadTask.download(DownloadTask.java:91) ~[BrazilPackageCacheLib-2.0.jar:?]
		at com.amazon.brazil.pkgcacher.impl.CacheTask.runImpl(CacheTask.java:55) ~[BrazilPackageCacheLib-2.0.jar:?]
		at com.amazon.brazil.pkgcacher.impl.CacheTask.runImpl(CacheTask.java:21) ~[BrazilPackageCacheLib-2.0.jar:?]
		at com.amazon.brazil.pkgcacher.task.Task.run(Task.java:48) ~[BrazilPackageCacheLib-2.0.jar:?]
		at com.amazon.brazil.pkgcacher.impl.CacheExecutorService$TaskCallable.call(CacheExecutorService.java:308) ~[BrazilPackageCacheLib-2.0.jar:?]
		at com.amazon.brazil.pkgcacher.impl.CacheExecutorService$TaskCallable.call(CacheExecutorService.java:294) ~[BrazilPackageCacheLib-2.0.jar:?]
		at java.util.concurrent.FutureTask.run(FutureTask.java:266) ~[?:1.8.0_282]
		at java.util.concurrent.ThreadPoolExecutor.runWorker(ThreadPoolExecutor.java:1149) ~[?:1.8.0_282]
		at java.util.concurrent.ThreadPoolExecutor$Worker.run(ThreadPoolExecutor.java:624) ~[?:1.8.0_282]
		at java.lang.Thread.run(Thread.java:748) [?:1.8.0_282]
