{"phase":"start","data":{"pid":92214},"id":"92214","operation":"brazil-build","time":1615421191654.669,"program":"brazil-build"}
{"phase":"start","data":{"package":"JDK8-1.0"},"id":"JDK8-1.0","operation":"bootstrap-buildtool","time":1615421191655.562,"program":"brazil-build"}
{"phase":"finish","data":{},"id":"JDK8-1.0","operation":"bootstrap-buildtool","time":1615421193675.2031,"program":"brazil-build"}
{"phase":"start","data":{"package":"HappierTrails-3.3"},"id":"HappierTrails-3.3","operation":"bootstrap-buildtool","time":1615421193675.561,"program":"brazil-build"}
{"phase":"finish","data":{},"id":"HappierTrails-3.3","operation":"bootstrap-buildtool","time":1615421198624.4102,"program":"brazil-build"}
{"phase":"start","data":{"package":"GuruAntLogic-1.0"},"id":"GuruAntLogic-1.0","operation":"bootstrap-buildtool","time":1615421198624.644,"program":"brazil-build"}
{"phase":"finish","data":{},"id":"GuruAntLogic-1.0","operation":"bootstrap-buildtool","time":1615421206042.3948,"program":"brazil-build"}
{"phase":"start","data":{"package":"GuruPyrightBridge-1.1"},"id":"GuruPyrightBridge-1.1","operation":"bootstrap-buildtool","time":1615421206042.5972,"program":"brazil-build"}
{"phase":"finish","data":{},"id":"GuruPyrightBridge-1.1","operation":"bootstrap-buildtool","time":1615421242943.464,"program":"brazil-build"}
{"phase":"start","data":{"package":"SuperJarAntTargets-1.1"},"id":"SuperJarAntTargets-1.1","operation":"bootstrap-buildtool","time":1615421242943.706,"program":"brazil-build"}
{"phase":"finish","data":{},"id":"SuperJarAntTargets-1.1","operation":"bootstrap-buildtool","time":1615421279402.414,"program":"brazil-build"}
{"phase":"start","data":{"package":"Chronometer-1.4"},"id":"Chronometer-1.4","operation":"bootstrap-buildtool","time":1615421279402.592,"program":"brazil-build"}
{"phase":"finish","data":{},"id":"Chronometer-1.4","operation":"bootstrap-buildtool","time":1615421283396.3452,"program":"brazil-build"}
{"phase":"start","data":{"command":"happytrails"},"id":"happytrails","operation":"exec-buildsystem","time":1615421283396.695,"program":"brazil-build"}
{"phase":"start","data":{},"time":1615421293366,"id":"ht-pre-release","program":"happytrails","operation":"ht-pre-release"}
{"phase":"finish","data":{},"time":1615421293366,"id":"ht-pre-release","program":"happytrails","operation":"ht-pre-release"}
{"phase":"start","data":{},"time":1615421293367,"id":"evaluate-sources-dir-emptyness","program":"happytrails","operation":"evaluate-sources-dir-emptyness"}
{"phase":"finish","data":{},"time":1615421293384,"id":"evaluate-sources-dir-emptyness","program":"happytrails","operation":"evaluate-sources-dir-emptyness"}
{"phase":"start","data":{},"time":1615421293384,"id":"check-if-sources-dir-empty","program":"happytrails","operation":"check-if-sources-dir-empty"}
{"phase":"finish","data":{},"time":1615421293384,"id":"check-if-sources-dir-empty","program":"happytrails","operation":"check-if-sources-dir-empty"}
{"phase":"start","data":{},"time":1615421293384,"id":"ht-pre-build","program":"happytrails","operation":"ht-pre-build"}
{"phase":"finish","data":{},"time":1615421293385,"id":"ht-pre-build","program":"happytrails","operation":"ht-pre-build"}
{"phase":"start","data":{},"time":1615421293385,"id":"ht-pre-compile-jar","program":"happytrails","operation":"ht-pre-compile-jar"}
{"phase":"finish","data":{},"time":1615421293385,"id":"ht-pre-compile-jar","program":"happytrails","operation":"ht-pre-compile-jar"}
{"phase":"start","data":{},"time":1615421293385,"id":"ht-pre-compile","program":"happytrails","operation":"ht-pre-compile"}
{"phase":"finish","data":{},"time":1615421293385,"id":"ht-pre-compile","program":"happytrails","operation":"ht-pre-compile"}
{"phase":"start","data":{},"time":1615421293385,"id":"-standard-compile","program":"happytrails","operation":"-standard-compile"}
{"phase":"finish","data":{},"time":1615421300413,"id":"-standard-compile","program":"happytrails","operation":"-standard-compile"}
{"phase":"start","data":{},"time":1615421300414,"id":"ht-post-compile","program":"happytrails","operation":"ht-post-compile"}
{"phase":"finish","data":{},"time":1615421300414,"id":"ht-post-compile","program":"happytrails","operation":"ht-post-compile"}
{"phase":"start","data":{},"time":1615421300414,"id":"standard-compile","program":"happytrails","operation":"standard-compile"}
{"phase":"finish","data":{},"time":1615421300414,"id":"standard-compile","program":"happytrails","operation":"standard-compile"}
{"phase":"start","data":{},"time":1615421300414,"id":"compile","program":"happytrails","operation":"compile"}
{"phase":"finish","data":{},"time":1615421300414,"id":"compile","program":"happytrails","operation":"compile"}
{"phase":"start","data":{},"time":1615421300414,"id":"-standard-compile-jar","program":"happytrails","operation":"-standard-compile-jar"}
{"phase":"finish","data":{},"time":1615421300964,"id":"-standard-compile-jar","program":"happytrails","operation":"-standard-compile-jar"}
{"phase":"start","data":{},"time":1615421300965,"id":"ht-post-compile-jar","program":"happytrails","operation":"ht-post-compile-jar"}
{"phase":"finish","data":{},"time":1615421300965,"id":"ht-post-compile-jar","program":"happytrails","operation":"ht-post-compile-jar"}
{"phase":"start","data":{},"time":1615421300965,"id":"standard-compile-jar","program":"happytrails","operation":"standard-compile-jar"}
{"phase":"finish","data":{},"time":1615421300965,"id":"standard-compile-jar","program":"happytrails","operation":"standard-compile-jar"}
{"phase":"start","data":{},"time":1615421300965,"id":"compile-jar","program":"happytrails","operation":"compile-jar"}
{"phase":"finish","data":{},"time":1615421300965,"id":"compile-jar","program":"happytrails","operation":"compile-jar"}
{"phase":"start","data":{},"time":1615421300966,"id":"ht-copy-bin","program":"happytrails","operation":"ht-copy-bin"}
{"phase":"finish","data":{},"time":1615421300966,"id":"ht-copy-bin","program":"happytrails","operation":"ht-copy-bin"}
{"phase":"start","data":{},"time":1615421300966,"id":"ht-copy-cfg","program":"happytrails","operation":"ht-copy-cfg"}
{"phase":"finish","data":{},"time":1615421300967,"id":"ht-copy-cfg","program":"happytrails","operation":"ht-copy-cfg"}
{"phase":"start","data":{},"time":1615421300967,"id":"-standard-build","program":"happytrails","operation":"-standard-build"}
{"phase":"finish","data":{},"time":1615421300967,"id":"-standard-build","program":"happytrails","operation":"-standard-build"}
{"phase":"start","data":{},"time":1615421300967,"id":"ht-post-build","program":"happytrails","operation":"ht-post-build"}
{"phase":"finish","data":{},"time":1615421300967,"id":"ht-post-build","program":"happytrails","operation":"ht-post-build"}
{"phase":"start","data":{},"time":1615421300967,"id":"standard-build","program":"happytrails","operation":"standard-build"}
{"phase":"finish","data":{},"time":1615421300968,"id":"standard-build","program":"happytrails","operation":"standard-build"}
{"phase":"start","data":{},"time":1615421300968,"id":"copy-configuration","program":"happytrails","operation":"copy-configuration"}
{"phase":"finish","data":{},"time":1615421301002,"id":"copy-configuration","program":"happytrails","operation":"copy-configuration"}
{"phase":"start","data":{},"time":1615421301002,"id":"build","program":"happytrails","operation":"build"}
{"phase":"finish","data":{},"time":1615421301002,"id":"build","program":"happytrails","operation":"build"}
{"phase":"start","data":{},"time":1615421301002,"id":"ht-pre-test-compile","program":"happytrails","operation":"ht-pre-test-compile"}
{"phase":"finish","data":{},"time":1615421301002,"id":"ht-pre-test-compile","program":"happytrails","operation":"ht-pre-test-compile"}
{"phase":"start","data":{},"time":1615421301002,"id":"-standard-test-compile","program":"happytrails","operation":"-standard-test-compile"}
{"phase":"finish","data":{},"time":1615421304782,"id":"-standard-test-compile","program":"happytrails","operation":"-standard-test-compile"}
{"phase":"start","data":{},"time":1615421304782,"id":"ht-post-test-compile","program":"happytrails","operation":"ht-post-test-compile"}
{"phase":"finish","data":{},"time":1615421304782,"id":"ht-post-test-compile","program":"happytrails","operation":"ht-post-test-compile"}
{"phase":"start","data":{},"time":1615421304783,"id":"standard-test-compile","program":"happytrails","operation":"standard-test-compile"}
{"phase":"finish","data":{},"time":1615421304783,"id":"standard-test-compile","program":"happytrails","operation":"standard-test-compile"}
{"phase":"start","data":{},"time":1615421304783,"id":"test-compile","program":"happytrails","operation":"test-compile"}
{"phase":"finish","data":{},"time":1615421304783,"id":"test-compile","program":"happytrails","operation":"test-compile"}
{"phase":"start","data":{},"time":1615421304783,"id":"ht-test-compile-jar","program":"happytrails","operation":"ht-test-compile-jar"}
{"phase":"finish","data":{},"time":1615421304783,"id":"ht-test-compile-jar","program":"happytrails","operation":"ht-test-compile-jar"}
{"phase":"start","data":{},"time":1615421304783,"id":"doc-index","program":"happytrails","operation":"doc-index"}
{"phase":"finish","data":{},"time":1615421304785,"id":"doc-index","program":"happytrails","operation":"doc-index"}
{"phase":"start","data":{},"time":1615421304785,"id":"ht-pre-reports","program":"happytrails","operation":"ht-pre-reports"}
{"phase":"finish","data":{},"time":1615421304785,"id":"ht-pre-reports","program":"happytrails","operation":"ht-pre-reports"}
{"phase":"start","data":{},"time":1615421304785,"id":"checkstyle","program":"happytrails","operation":"checkstyle"}
{"phase":"finish","data":{},"time":1615421314402,"id":"checkstyle","program":"happytrails","operation":"checkstyle"}
{"phase":"start","data":{},"time":1615421314402,"id":"ht-pre-findbugs","program":"happytrails","operation":"ht-pre-findbugs"}
{"phase":"finish","data":{},"time":1615421314402,"id":"ht-pre-findbugs","program":"happytrails","operation":"ht-pre-findbugs"}
{"phase":"start","data":{},"time":1615421314402,"id":"-standard-findbugs","program":"happytrails","operation":"-standard-findbugs"}
{"phase":"finish","data":{},"time":1615421335212,"id":"-standard-findbugs","program":"happytrails","operation":"-standard-findbugs"}
{"phase":"start","data":{},"time":1615421335213,"id":"ht-post-findbugs","program":"happytrails","operation":"ht-post-findbugs"}
{"phase":"finish","data":{},"time":1615421335213,"id":"ht-post-findbugs","program":"happytrails","operation":"ht-post-findbugs"}
{"phase":"start","data":{},"time":1615421335213,"id":"standard-findbugs","program":"happytrails","operation":"standard-findbugs"}
{"phase":"finish","data":{},"time":1615421335213,"id":"standard-findbugs","program":"happytrails","operation":"standard-findbugs"}
{"phase":"start","data":{},"time":1615421335213,"id":"findbugs","program":"happytrails","operation":"findbugs"}
{"phase":"finish","data":{},"time":1615421335213,"id":"findbugs","program":"happytrails","operation":"findbugs"}
{"phase":"start","data":{},"time":1615421335213,"id":"ht-pre-coverage","program":"happytrails","operation":"ht-pre-coverage"}
{"phase":"finish","data":{},"time":1615421335213,"id":"ht-pre-coverage","program":"happytrails","operation":"ht-pre-coverage"}
{"phase":"start","data":{},"time":1615421335213,"id":"copy-configuration-resource-leak","program":"happytrails","operation":"copy-configuration-resource-leak"}
{"phase":"finish","data":{},"time":1615421337719,"id":"copy-configuration-resource-leak","program":"happytrails","operation":"copy-configuration-resource-leak"}
{"phase":"start","data":{},"time":1615421337719,"id":"config-copy","program":"happytrails","operation":"config-copy"}
{"phase":"finish","data":{},"time":1615421339923,"id":"config-copy","program":"happytrails","operation":"config-copy"}
{"phase":"start","data":{},"time":1615421339923,"id":"ht-pre-test","program":"happytrails","operation":"ht-pre-test"}
{"phase":"finish","data":{},"time":1615421339923,"id":"ht-pre-test","program":"happytrails","operation":"ht-pre-test"}
{"phase":"start","data":{},"time":1615421339923,"id":"generate-test-runtime-classpath","program":"happytrails","operation":"generate-test-runtime-classpath"}
{"phase":"finish","data":{},"time":1615421340584,"id":"generate-test-runtime-classpath","program":"happytrails","operation":"generate-test-runtime-classpath"}
{"phase":"start","data":{},"time":1615421340584,"id":"-standard-coverage","program":"happytrails","operation":"-standard-coverage"}
{"phase":"start","data":{},"time":1615421399942,"id":"coverage-check","program":"happytrails","operation":"coverage-check"}
{"phase":"finish","data":{},"time":1615421399942,"id":"coverage-check","program":"happytrails","operation":"coverage-check"}
{"phase":"finish","data":{},"time":1615421399943,"id":"-standard-coverage","program":"happytrails","operation":"-standard-coverage"}
{"phase":"start","data":{},"time":1615421399943,"id":"ht-post-coverage","program":"happytrails","operation":"ht-post-coverage"}
{"phase":"finish","data":{},"time":1615421399943,"id":"ht-post-coverage","program":"happytrails","operation":"ht-post-coverage"}
{"phase":"start","data":{},"time":1615421399943,"id":"standard-coverage","program":"happytrails","operation":"standard-coverage"}
{"phase":"finish","data":{},"time":1615421399943,"id":"standard-coverage","program":"happytrails","operation":"standard-coverage"}
{"phase":"start","data":{},"time":1615421399943,"id":"coverage","program":"happytrails","operation":"coverage"}
{"phase":"finish","data":{},"time":1615421399943,"id":"coverage","program":"happytrails","operation":"coverage"}
{"phase":"start","data":{},"time":1615421399943,"id":"ht-pre-javadoc","program":"happytrails","operation":"ht-pre-javadoc"}
{"phase":"finish","data":{},"time":1615421399943,"id":"ht-pre-javadoc","program":"happytrails","operation":"ht-pre-javadoc"}
{"phase":"start","data":{},"time":1615421399943,"id":"javadoc-init","program":"happytrails","operation":"javadoc-init"}
{"phase":"finish","data":{},"time":1615421399943,"id":"javadoc-init","program":"happytrails","operation":"javadoc-init"}
{"phase":"start","data":{},"time":1615421399943,"id":"-standard-javadoc","program":"happytrails","operation":"-standard-javadoc"}
{"phase":"finish","data":{},"time":1615421449723,"id":"-standard-javadoc","program":"happytrails","operation":"-standard-javadoc"}
{"phase":"start","data":{},"time":1615421449723,"id":"ht-post-javadoc","program":"happytrails","operation":"ht-post-javadoc"}
{"phase":"finish","data":{},"time":1615421449723,"id":"ht-post-javadoc","program":"happytrails","operation":"ht-post-javadoc"}
{"phase":"start","data":{},"time":1615421449723,"id":"standard-javadoc","program":"happytrails","operation":"standard-javadoc"}
{"phase":"finish","data":{},"time":1615421449723,"id":"standard-javadoc","program":"happytrails","operation":"standard-javadoc"}
{"phase":"start","data":{},"time":1615421449723,"id":"javadoc","program":"happytrails","operation":"javadoc"}
{"phase":"finish","data":{},"time":1615421449723,"id":"javadoc","program":"happytrails","operation":"javadoc"}
{"phase":"start","data":{},"time":1615421449723,"id":"-standard-reports","program":"happytrails","operation":"-standard-reports"}
{"phase":"finish","data":{},"time":1615421449723,"id":"-standard-reports","program":"happytrails","operation":"-standard-reports"}
{"phase":"start","data":{},"time":1615421449723,"id":"ht-post-reports","program":"happytrails","operation":"ht-post-reports"}
{"phase":"finish","data":{},"time":1615421449724,"id":"ht-post-reports","program":"happytrails","operation":"ht-post-reports"}
{"phase":"start","data":{},"time":1615421449724,"id":"standard-reports","program":"happytrails","operation":"standard-reports"}
{"phase":"finish","data":{},"time":1615421449724,"id":"standard-reports","program":"happytrails","operation":"standard-reports"}
{"phase":"start","data":{},"time":1615421449724,"id":"chronometer","program":"happytrails","operation":"chronometer"}
{"phase":"finish","data":{},"time":1615421464989,"id":"chronometer","program":"happytrails","operation":"chronometer"}
{"phase":"start","data":{},"time":1615421464989,"id":"reports","program":"happytrails","operation":"reports"}
{"phase":"finish","data":{},"time":1615421464989,"id":"reports","program":"happytrails","operation":"reports"}
{"phase":"start","data":{},"time":1615421464989,"id":"ht-pre-unit-tests","program":"happytrails","operation":"ht-pre-unit-tests"}
{"phase":"finish","data":{},"time":1615421464989,"id":"ht-pre-unit-tests","program":"happytrails","operation":"ht-pre-unit-tests"}
{"phase":"start","data":{},"time":1615421464989,"id":"-standard-unit-tests","program":"happytrails","operation":"-standard-unit-tests"}
{"phase":"finish","data":{},"time":1615421464990,"id":"-standard-unit-tests","program":"happytrails","operation":"-standard-unit-tests"}
{"phase":"start","data":{},"time":1615421464990,"id":"ht-post-unit-tests","program":"happytrails","operation":"ht-post-unit-tests"}
{"phase":"finish","data":{},"time":1615421464990,"id":"ht-post-unit-tests","program":"happytrails","operation":"ht-post-unit-tests"}
{"phase":"start","data":{},"time":1615421464990,"id":"standard-unit-tests","program":"happytrails","operation":"standard-unit-tests"}
{"phase":"finish","data":{},"time":1615421464990,"id":"standard-unit-tests","program":"happytrails","operation":"standard-unit-tests"}
{"phase":"start","data":{},"time":1615421464990,"id":"unit-tests","program":"happytrails","operation":"unit-tests"}
{"phase":"finish","data":{},"time":1615421464990,"id":"unit-tests","program":"happytrails","operation":"unit-tests"}
{"phase":"start","data":{},"time":1615421464990,"id":"-standard-test","program":"happytrails","operation":"-standard-test"}
{"phase":"finish","data":{},"time":1615421464990,"id":"-standard-test","program":"happytrails","operation":"-standard-test"}
{"phase":"start","data":{},"time":1615421464990,"id":"ht-post-test","program":"happytrails","operation":"ht-post-test"}
{"phase":"finish","data":{},"time":1615421464990,"id":"ht-post-test","program":"happytrails","operation":"ht-post-test"}
{"phase":"start","data":{},"time":1615421464990,"id":"standard-test","program":"happytrails","operation":"standard-test"}
{"phase":"finish","data":{},"time":1615421464990,"id":"standard-test","program":"happytrails","operation":"standard-test"}
{"phase":"start","data":{},"time":1615421464990,"id":"test","program":"happytrails","operation":"test"}
{"phase":"finish","data":{},"time":1615421464990,"id":"test","program":"happytrails","operation":"test"}
{"phase":"start","data":{},"time":1615421464990,"id":"-standard-release","program":"happytrails","operation":"-standard-release"}
{"phase":"finish","data":{},"time":1615421464990,"id":"-standard-release","program":"happytrails","operation":"-standard-release"}
{"phase":"start","data":{},"time":1615421464990,"id":"ht-post-release","program":"happytrails","operation":"ht-post-release"}
{"phase":"finish","data":{},"time":1615421464990,"id":"ht-post-release","program":"happytrails","operation":"ht-post-release"}
{"phase":"start","data":{},"time":1615421464990,"id":"standard-release","program":"happytrails","operation":"standard-release"}
{"phase":"finish","data":{},"time":1615421464990,"id":"standard-release","program":"happytrails","operation":"standard-release"}
{"phase":"start","data":{},"time":1615421464990,"id":"release","program":"happytrails","operation":"release"}
{"phase":"finish","data":{},"time":1615421464990,"id":"release","program":"happytrails","operation":"release"}
{"phase":"finish","data":{},"id":"happytrails","operation":"exec-buildsystem","time":1615421465294.924,"program":"brazil-build"}
{"phase":"finish","data":{"pid":92214,"exit_code":0},"id":"92214","operation":"brazil-build","time":1615421465295.694,"program":"brazil-build"}
